c:\ondrivems\onedrive - microsoft\visual studio 2017\projects\rx\rx\x64\release\rx.pch
c:\ondrivems\onedrive - microsoft\visual studio 2017\projects\rx\rx\x64\release\vc141.pdb
c:\ondrivems\onedrive - microsoft\visual studio 2017\projects\rx\rx\x64\release\stdafx.obj
c:\ondrivems\onedrive - microsoft\visual studio 2017\projects\rx\rx\x64\release\rx.obj
c:\ondrivems\onedrive - microsoft\visual studio 2017\projects\rx\rx\x64\release\outputcallbacks.obj
c:\ondrivems\onedrive - microsoft\visual studio 2017\projects\rx\rx\x64\release\dbgexts.obj
c:\ondrivems\onedrive - microsoft\visual studio 2017\projects\rx\rx\x64\release\dllmain.obj
c:\ondrivems\onedrive - microsoft\visual studio 2017\projects\rx\x64\release\rx.dll
c:\ondrivems\onedrive - microsoft\visual studio 2017\projects\rx\x64\release\rx.pdb
c:\ondrivems\onedrive - microsoft\visual studio 2017\projects\rx\x64\release\rx.lib
c:\ondrivems\onedrive - microsoft\visual studio 2017\projects\rx\x64\release\rx.exp
c:\ondrivems\onedrive - microsoft\visual studio 2017\projects\rx\x64\release\rx.ipdb
c:\ondrivems\onedrive - microsoft\visual studio 2017\projects\rx\x64\release\rx.iobj
c:\ondrivems\onedrive - microsoft\visual studio 2017\projects\rx\rx\x64\release\rx.tlog\cl.command.1.tlog
c:\ondrivems\onedrive - microsoft\visual studio 2017\projects\rx\rx\x64\release\rx.tlog\cl.read.1.tlog
c:\ondrivems\onedrive - microsoft\visual studio 2017\projects\rx\rx\x64\release\rx.tlog\cl.write.1.tlog
c:\ondrivems\onedrive - microsoft\visual studio 2017\projects\rx\rx\x64\release\rx.tlog\link.command.1.tlog
c:\ondrivems\onedrive - microsoft\visual studio 2017\projects\rx\rx\x64\release\rx.tlog\link.read.1.tlog
c:\ondrivems\onedrive - microsoft\visual studio 2017\projects\rx\rx\x64\release\rx.tlog\link.write.1.tlog
c:\ondrivems\onedrive - microsoft\visual studio 2017\projects\rx\rx\x64\release\rx.tlog\rx.write.1u.tlog
